<?xml version="1.0" encoding="UTF-8"?>
<testsuite name="FormStateTest[jvm]" tests="11" skipped="0" failures="0" errors="0" timestamp="2026-04-07T01:54:43.756Z" hostname="Sundrams-MacBook-Pro.local" time="0.088">
  <properties/>
  <testcase name="valid email passes Email rule[jvm]" classname="io.formcraft.core.FormStateTest" time="0.074"/>
  <testcase name="empty field fails Required rule[jvm]" classname="io.formcraft.core.FormStateTest" time="0.001"/>
  <testcase name="confirm password must match password[jvm]" classname="io.formcraft.core.FormStateTest" time="0.002"/>
  <testcase name="password shorter than minimum fails MinLength[jvm]" classname="io.formcraft.core.FormStateTest" time="0.002"/>
  <testcase name="async rule failing sets error on field[jvm]" classname="io.formcraft.core.FormStateTest" time="0.002"/>
  <testcase name="form initialises with empty fields and is invalid[jvm]" classname="io.formcraft.core.FormStateTest" time="0.002"/>
  <testcase name="collectData() returns current values of all fields[jvm]" classname="io.formcraft.core.FormStateTest" time="0.001"/>
  <testcase name="invalid email fails Email rule with correct message[jvm]" classname="io.formcraft.core.FormStateTest" time="0.001"/>
  <testcase name="validate() returns true when all fields are valid[jvm]" classname="io.formcraft.core.FormStateTest" time="0.001"/>
  <testcase name="reset() clears all field values and errors[jvm]" classname="io.formcraft.core.FormStateTest" time="0.0"/>
  <testcase name="validate() marks all fields as touched and returns false for empty form[jvm]" classname="io.formcraft.core.FormStateTest" time="0.0"/>
  <system-out><![CDATA[]]></system-out>
  <system-err><![CDATA[]]></system-err>
</testsuite>
